D:\WORK\C\VC\APPRUNNER\APPRUNNER\RELEASE\APPRUNNER.EXE.INTERMEDIATE.MANIFEST
D:\WORK\C\VC\APPRUNNER\APPRUNNER\RELEASE\APPRUNNER.RES
D:\Work\C\vc\AppRunner\AppRunner\Release\cl.command.1.tlog
D:\Work\C\vc\AppRunner\AppRunner\Release\CL.read.1.tlog
D:\Work\C\vc\AppRunner\AppRunner\Release\CL.write.1.tlog
D:\Work\C\vc\AppRunner\AppRunner\Release\link.command.1.tlog
D:\Work\C\vc\AppRunner\AppRunner\Release\link.read.1.tlog
D:\Work\C\vc\AppRunner\AppRunner\Release\link.write.1.tlog
D:\Work\C\vc\AppRunner\AppRunner\Release\link-cvtres.read.1.tlog
D:\Work\C\vc\AppRunner\AppRunner\Release\link-cvtres.write.1.tlog
D:\WORK\C\VC\APPRUNNER\APPRUNNER\RELEASE\MAIN.OBJ
D:\Work\C\vc\AppRunner\AppRunner\Release\mt.command.1.tlog
D:\Work\C\vc\AppRunner\AppRunner\Release\mt.read.1.tlog
D:\Work\C\vc\AppRunner\AppRunner\Release\mt.write.1.tlog
D:\Work\C\vc\AppRunner\AppRunner\Release\rc.command.1.tlog
D:\Work\C\vc\AppRunner\AppRunner\Release\rc.read.1.tlog
D:\Work\C\vc\AppRunner\AppRunner\Release\rc.write.1.tlog
D:\WORK\C\VC\APPRUNNER\APPRUNNER\RELEASE\VC100.PDB
D:\WORK\C\VC\APPRUNNER\RELEASE\APPRUNNER.EXE
D:\WORK\C\VC\APPRUNNER\RELEASE\APPRUNNER.PDB
