D:\WORK\C\VC\APPRUNNER\APPRUNNER\DEBUG\APPRUNNER.EXE.EMBED.MANIFEST
D:\WORK\C\VC\APPRUNNER\APPRUNNER\DEBUG\APPRUNNER.EXE.EMBED.MANIFEST.RES
D:\WORK\C\VC\APPRUNNER\APPRUNNER\DEBUG\APPRUNNER.EXE.INTERMEDIATE.MANIFEST
D:\Work\C\vc\AppRunner\AppRunner\Debug\AppRunner_manifest.rc
D:\Work\C\vc\AppRunner\AppRunner\Debug\cl.command.1.tlog
D:\Work\C\vc\AppRunner\AppRunner\Debug\CL.read.1.tlog
D:\Work\C\vc\AppRunner\AppRunner\Debug\CL.write.1.tlog
D:\Work\C\vc\AppRunner\AppRunner\Debug\link.5732.read.1.tlog
D:\Work\C\vc\AppRunner\AppRunner\Debug\link.5732.write.1.tlog
D:\Work\C\vc\AppRunner\AppRunner\Debug\link.5732-cvtres.read.1.tlog
D:\Work\C\vc\AppRunner\AppRunner\Debug\link.5732-cvtres.write.1.tlog
D:\Work\C\vc\AppRunner\AppRunner\Debug\link.command.1.tlog
D:\Work\C\vc\AppRunner\AppRunner\Debug\link.read.1.tlog
D:\Work\C\vc\AppRunner\AppRunner\Debug\link.write.1.tlog
D:\Work\C\vc\AppRunner\AppRunner\Debug\link-cvtres.read.1.tlog
D:\Work\C\vc\AppRunner\AppRunner\Debug\link-cvtres.write.1.tlog
D:\WORK\C\VC\APPRUNNER\APPRUNNER\DEBUG\MAIN.OBJ
D:\Work\C\vc\AppRunner\AppRunner\Debug\mt.command.1.tlog
D:\Work\C\vc\AppRunner\AppRunner\Debug\mt.read.1.tlog
D:\Work\C\vc\AppRunner\AppRunner\Debug\mt.write.1.tlog
D:\Work\C\vc\AppRunner\AppRunner\Debug\rc.command.1.tlog
D:\Work\C\vc\AppRunner\AppRunner\Debug\rc.read.1.tlog
D:\Work\C\vc\AppRunner\AppRunner\Debug\rc.write.1.tlog
D:\Work\C\vc\AppRunner\AppRunner\Debug\vc100.idb
D:\WORK\C\VC\APPRUNNER\APPRUNNER\DEBUG\VC100.PDB
D:\WORK\C\VC\APPRUNNER\DEBUG\APPRUNNER.EXE
D:\WORK\C\VC\APPRUNNER\DEBUG\APPRUNNER.ILK
D:\WORK\C\VC\APPRUNNER\DEBUG\APPRUNNER.PDB
